2015-12-15 12:30:58.327+0000 INFO  [o.n.k.InternalAbstractGraphDatabase]: No locking implementation specified, defaulting to 'community'
2015-12-15 12:30:58.394+0000 INFO  [o.n.k.i.DiagnosticsManager]: --- INITIALIZED diagnostics START ---
2015-12-15 12:30:58.395+0000 INFO  [o.n.k.i.DiagnosticsManager]: Neo4j Kernel properties:
2015-12-15 12:30:58.399+0000 INFO  [o.n.k.i.DiagnosticsManager]: store_dir=pizza.db
2015-12-15 12:30:58.399+0000 INFO  [o.n.k.i.DiagnosticsManager]: ephemeral=false
2015-12-15 12:30:58.400+0000 INFO  [o.n.k.i.DiagnosticsManager]: Diagnostics providers:
2015-12-15 12:30:58.401+0000 INFO  [o.n.k.i.DiagnosticsManager]: org.neo4j.kernel.configuration.Config
2015-12-15 12:30:58.401+0000 INFO  [o.n.k.i.DiagnosticsManager]: org.neo4j.kernel.info.DiagnosticsManager
2015-12-15 12:30:58.401+0000 INFO  [o.n.k.i.DiagnosticsManager]: SYSTEM_MEMORY
2015-12-15 12:30:58.401+0000 INFO  [o.n.k.i.DiagnosticsManager]: JAVA_MEMORY
2015-12-15 12:30:58.401+0000 INFO  [o.n.k.i.DiagnosticsManager]: OPERATING_SYSTEM
2015-12-15 12:30:58.401+0000 INFO  [o.n.k.i.DiagnosticsManager]: JAVA_VIRTUAL_MACHINE
2015-12-15 12:30:58.401+0000 INFO  [o.n.k.i.DiagnosticsManager]: CLASSPATH
2015-12-15 12:30:58.401+0000 INFO  [o.n.k.i.DiagnosticsManager]: LIBRARY_PATH
2015-12-15 12:30:58.401+0000 INFO  [o.n.k.i.DiagnosticsManager]: SYSTEM_PROPERTIES
2015-12-15 12:30:58.401+0000 INFO  [o.n.k.i.DiagnosticsManager]: LINUX_SCHEDULERS
2015-12-15 12:30:58.401+0000 INFO  [o.n.k.i.DiagnosticsManager]: NETWORK
2015-12-15 12:30:58.401+0000 INFO  [o.n.k.i.DiagnosticsManager]: System memory information:
2015-12-15 12:30:58.404+0000 INFO  [o.n.k.i.DiagnosticsManager]: Total Physical memory: 12.45 GB
2015-12-15 12:30:58.404+0000 INFO  [o.n.k.i.DiagnosticsManager]: Free Physical memory: 1.41 GB
2015-12-15 12:30:58.404+0000 INFO  [o.n.k.i.DiagnosticsManager]: Committed virtual memory: 5.58 GB
2015-12-15 12:30:58.404+0000 INFO  [o.n.k.i.DiagnosticsManager]: Total swap space: 2.07 GB
2015-12-15 12:30:58.404+0000 INFO  [o.n.k.i.DiagnosticsManager]: Free swap space: 2.05 GB
2015-12-15 12:30:58.405+0000 INFO  [o.n.k.i.DiagnosticsManager]: JVM memory information:
2015-12-15 12:30:58.405+0000 INFO  [o.n.k.i.DiagnosticsManager]: Free  memory: 386.73 MB
2015-12-15 12:30:58.405+0000 INFO  [o.n.k.i.DiagnosticsManager]: Total memory: 491.00 MB
2015-12-15 12:30:58.405+0000 INFO  [o.n.k.i.DiagnosticsManager]: Max   memory: 2.77 GB
2015-12-15 12:30:58.405+0000 INFO  [o.n.k.i.DiagnosticsManager]: Garbage Collector: PS Scavenge: [PS Eden Space, PS Survivor Space]
2015-12-15 12:30:58.405+0000 INFO  [o.n.k.i.DiagnosticsManager]: Garbage Collector: PS MarkSweep: [PS Eden Space, PS Survivor Space, PS Old Gen]
2015-12-15 12:30:58.406+0000 INFO  [o.n.k.i.DiagnosticsManager]: Memory Pool: Code Cache (Non-heap memory): committed=10.75 MB, used=10.66 MB, max=240.00 MB, threshold=0.00 B
2015-12-15 12:30:58.406+0000 INFO  [o.n.k.i.DiagnosticsManager]: Memory Pool: Metaspace (Non-heap memory): committed=30.75 MB, used=30.17 MB, max=-1.00 B, threshold=0.00 B
2015-12-15 12:30:58.406+0000 INFO  [o.n.k.i.DiagnosticsManager]: Memory Pool: Compressed Class Space (Non-heap memory): committed=4.00 MB, used=3.82 MB, max=1.00 GB, threshold=0.00 B
2015-12-15 12:30:58.407+0000 INFO  [o.n.k.i.DiagnosticsManager]: Memory Pool: PS Eden Space (Heap memory): committed=202.00 MB, used=19.16 MB, max=996.00 MB, threshold=?
2015-12-15 12:30:58.407+0000 INFO  [o.n.k.i.DiagnosticsManager]: Memory Pool: PS Survivor Space (Heap memory): committed=8.00 MB, used=0.00 B, max=8.00 MB, threshold=?
2015-12-15 12:30:58.407+0000 INFO  [o.n.k.i.DiagnosticsManager]: Memory Pool: PS Old Gen (Heap memory): committed=281.00 MB, used=85.10 MB, max=2.08 GB, threshold=0.00 B
2015-12-15 12:30:58.407+0000 INFO  [o.n.k.i.DiagnosticsManager]: Operating system information:
2015-12-15 12:30:58.407+0000 INFO  [o.n.k.i.DiagnosticsManager]: Operating System: Linux; version: 3.16.0-4-amd64; arch: amd64; cpus: 3
2015-12-15 12:30:58.407+0000 INFO  [o.n.k.i.DiagnosticsManager]: Max number of file descriptors: 65536
2015-12-15 12:30:58.407+0000 INFO  [o.n.k.i.DiagnosticsManager]: Number of open file descriptors: 91
2015-12-15 12:30:58.408+0000 INFO  [o.n.k.i.DiagnosticsManager]: Process id: 27113@CBPP
2015-12-15 12:30:58.408+0000 INFO  [o.n.k.i.DiagnosticsManager]: Byte order: LITTLE_ENDIAN
2015-12-15 12:30:58.408+0000 INFO  [o.n.k.i.DiagnosticsManager]: Local timezone: America/Chicago
2015-12-15 12:30:58.408+0000 INFO  [o.n.k.i.DiagnosticsManager]: JVM information:
2015-12-15 12:30:58.408+0000 INFO  [o.n.k.i.DiagnosticsManager]: VM Name: Java HotSpot(TM) 64-Bit Server VM
2015-12-15 12:30:58.408+0000 INFO  [o.n.k.i.DiagnosticsManager]: VM Vendor: Oracle Corporation
2015-12-15 12:30:58.408+0000 INFO  [o.n.k.i.DiagnosticsManager]: VM Version: 25.60-b23
2015-12-15 12:30:58.408+0000 INFO  [o.n.k.i.DiagnosticsManager]: JIT compiler: HotSpot 64-Bit Tiered Compilers
2015-12-15 12:30:58.408+0000 INFO  [o.n.k.i.DiagnosticsManager]: VM Arguments: [-Dfile.encoding=UTF-8, -Duser.country=US, -Duser.language=en, -Duser.variant]
2015-12-15 12:30:58.408+0000 INFO  [o.n.k.i.DiagnosticsManager]: Java classpath:
2015-12-15 12:30:58.410+0000 INFO  [o.n.k.i.DiagnosticsManager]:  [classpath + loader.0] file:/home/alex/.gradle/caches/modules-2/files-2.1/org.apache.tomcat.embed/tomcat-embed-logging-juli/8.0.28/315e9c3d6d93fcb482eea89ee23c9af9fd1cc4b5/tomcat-embed-logging-juli-8.0.28.jar
2015-12-15 12:30:58.411+0000 INFO  [o.n.k.i.DiagnosticsManager]:  [loader.1] file:/usr/lib/jvm/jdk1.8.0_60/jre/lib/ext/localedata.jar
2015-12-15 12:30:58.411+0000 INFO  [o.n.k.i.DiagnosticsManager]:  [bootstrap] /usr/lib/jvm/jdk1.8.0_60/jre/lib/charsets.jar
2015-12-15 12:30:58.411+0000 INFO  [o.n.k.i.DiagnosticsManager]:  [classpath + loader.0] file:/home/alex/.gradle/caches/modules-2/files-2.1/org.neo4j/neo4j-kernel/2.2.5/5e12600bf7cc1d069a994d6670d5c8052997e9bd/neo4j-kernel-2.2.5.jar
2015-12-15 12:30:58.411+0000 INFO  [o.n.k.i.DiagnosticsManager]:  [loader.1] file:/usr/lib/jvm/jdk1.8.0_60/jre/lib/ext/zipfs.jar
2015-12-15 12:30:58.411+0000 INFO  [o.n.k.i.DiagnosticsManager]:  [loader.1] file:/usr/lib/jvm/jdk1.8.0_60/jre/lib/ext/jfxrt.jar
2015-12-15 12:30:58.411+0000 INFO  [o.n.k.i.DiagnosticsManager]:  [classpath + loader.0] file:/home/alex/.gradle/caches/modules-2/files-2.1/org.jboss.logging/jboss-logging/3.3.0.Final/3616bb87707910296e2c195dc016287080bba5af/jboss-logging-3.3.0.Final.jar
2015-12-15 12:30:58.411+0000 INFO  [o.n.k.i.DiagnosticsManager]:  [classpath + loader.0] file:/home/alex/.gradle/caches/modules-2/files-2.1/org.thymeleaf/thymeleaf-spring4/2.1.4.RELEASE/e5677e7daedfd05e001945abf4295305ac23826b/thymeleaf-spring4-2.1.4.RELEASE.jar
2015-12-15 12:30:58.411+0000 INFO  [o.n.k.i.DiagnosticsManager]:  [classpath + loader.0] file:/home/alex/.gradle/caches/modules-2/files-2.1/org.parboiled/parboiled-scala_2.10/1.1.7/c20d486f11cc115c0df2ebc2aefb2773f9f9fb11/parboiled-scala_2.10-1.1.7.jar
2015-12-15 12:30:58.411+0000 INFO  [o.n.k.i.DiagnosticsManager]:  [classpath + loader.0] file:/home/alex/.gradle/caches/modules-2/files-2.1/org.springframework/spring-webmvc/4.2.3.RELEASE/46803840259c6d51c531e4f07f4213d758c6ee1d/spring-webmvc-4.2.3.RELEASE.jar
2015-12-15 12:30:58.411+0000 INFO  [o.n.k.i.DiagnosticsManager]:  [classpath + loader.0] file:/home/alex/.gradle/caches/modules-2/files-2.1/org.springframework.boot/spring-boot-starter-logging/1.3.0.RELEASE/17e106a8a13a9c98515a8eb0dae2d3d80420d666/spring-boot-starter-logging-1.3.0.RELEASE.jar
2015-12-15 12:30:58.411+0000 INFO  [o.n.k.i.DiagnosticsManager]:  [classpath + loader.0] file:/home/alex/.gradle/caches/modules-2/files-2.1/org.hibernate/hibernate-validator/5.2.2.Final/990905cd9184450c5f3e929ab2566305e3a67fa1/hibernate-validator-5.2.2.Final.jar
2015-12-15 12:30:58.411+0000 INFO  [o.n.k.i.DiagnosticsManager]:  [classpath + loader.0] file:/home/alex/.gradle/caches/modules-2/files-2.1/org.projectlombok/lombok/1.16.6/9d3a47307466b28632bf35f8972ae9d703879416/lombok-1.16.6.jar
2015-12-15 12:30:58.411+0000 INFO  [o.n.k.i.DiagnosticsManager]:  [loader.1] file:/usr/lib/jvm/jdk1.8.0_60/jre/lib/ext/sunec.jar
2015-12-15 12:30:58.411+0000 INFO  [o.n.k.i.DiagnosticsManager]:  [classpath + loader.0] file:/home/alex/.gradle/caches/modules-2/files-2.1/ch.qos.logback/logback-classic/1.1.3/d90276fff414f06cb375f2057f6778cd63c6082f/logback-classic-1.1.3.jar
2015-12-15 12:30:58.411+0000 INFO  [o.n.k.i.DiagnosticsManager]:  [classpath + loader.0] file:/home/alex/.gradle/caches/modules-2/files-2.1/org.neo4j/neo4j-cypher-compiler-1.9/2.0.4/93381595ffca5c8813eb65af32a910637dc0c408/neo4j-cypher-compiler-1.9-2.0.4.jar
2015-12-15 12:30:58.411+0000 INFO  [o.n.k.i.DiagnosticsManager]:  [classpath + loader.0] file:/home/alex/.gradle/caches/modules-2/files-2.1/org.neo4j/neo4j-primitive-collections/2.2.5/a37094d534c81e1ea73c1e3b275bcc823b7e2fa/neo4j-primitive-collections-2.2.5.jar
2015-12-15 12:30:58.411+0000 INFO  [o.n.k.i.DiagnosticsManager]:  [bootstrap] /usr/lib/jvm/jdk1.8.0_60/jre/lib/jsse.jar
2015-12-15 12:30:58.411+0000 INFO  [o.n.k.i.DiagnosticsManager]:  [classpath + loader.0] file:/home/alex/.gradle/caches/modules-2/files-2.1/org.neo4j/neo4j-graph-algo/2.2.5/b2181bde4978ecb533ca09e62c46f2adb121d849/neo4j-graph-algo-2.2.5.jar
2015-12-15 12:30:58.411+0000 INFO  [o.n.k.i.DiagnosticsManager]:  [bootstrap] /usr/lib/jvm/jdk1.8.0_60/jre/classes
2015-12-15 12:30:58.411+0000 INFO  [o.n.k.i.DiagnosticsManager]:  [classpath + loader.0] file:/home/alex/.gradle/caches/modules-2/files-2.1/org.springframework/spring-tx/4.2.3.RELEASE/617420d7e0351c334aa4495d6f30ad21c4c643a7/spring-tx-4.2.3.RELEASE.jar
2015-12-15 12:30:58.411+0000 INFO  [o.n.k.i.DiagnosticsManager]:  [classpath + loader.0] file:/home/alex/.gradle/caches/modules-2/files-2.1/org.neo4j/neo4j-cypher-compiler-2.0/2.0.4/13277d9b4ae208ca1145210488502a80bbf20376/neo4j-cypher-compiler-2.0-2.0.4.jar
2015-12-15 12:30:58.411+0000 INFO  [o.n.k.i.DiagnosticsManager]:  [classpath + loader.0] file:/home/alex/.gradle/caches/modules-2/files-2.1/org.springframework/spring-web/4.2.3.RELEASE/98eea3fbe01450fff18aeb7e6003f80a879a049e/spring-web-4.2.3.RELEASE.jar
2015-12-15 12:30:58.411+0000 INFO  [o.n.k.i.DiagnosticsManager]:  [classpath + loader.0] file:/home/alex/.gradle/caches/modules-2/files-2.1/org.slf4j/log4j-over-slf4j/1.7.13/b5f4685073a6ffba6bf7e1d51e2b5fb83bdfa953/log4j-over-slf4j-1.7.13.jar
2015-12-15 12:30:58.412+0000 INFO  [o.n.k.i.DiagnosticsManager]:  [classpath + loader.0] file:/home/alex/.gradle/caches/modules-2/files-2.1/org.springframework.data/spring-data-neo4j/3.4.1.RELEASE/112b655fac78530631c276cc7276495e219ed77d/spring-data-neo4j-3.4.1.RELEASE.jar
2015-12-15 12:30:58.412+0000 INFO  [o.n.k.i.DiagnosticsManager]:  [classpath + loader.0] file:/home/alex/.gradle/caches/modules-2/files-2.1/org.springframework/spring-aspects/4.2.3.RELEASE/14233c5c12a69dd31296b890a341a719de5319fc/spring-aspects-4.2.3.RELEASE.jar
2015-12-15 12:30:58.412+0000 INFO  [o.n.k.i.DiagnosticsManager]:  [classpath + loader.0] file:/home/alex/.gradle/caches/modules-2/files-2.1/org.springframework.data/spring-data-commons/1.11.1.RELEASE/bb04a4cba7a44b8822a63e1681eb9667955bc8bf/spring-data-commons-1.11.1.RELEASE.jar
2015-12-15 12:30:58.412+0000 INFO  [o.n.k.i.DiagnosticsManager]:  [classpath + loader.0] file:/home/alex/.gradle/caches/modules-2/files-2.1/ch.qos.logback/logback-core/1.1.3/e3c02049f2dbbc764681b40094ecf0dcbc99b157/logback-core-1.1.3.jar
2015-12-15 12:30:58.412+0000 INFO  [o.n.k.i.DiagnosticsManager]:  [classpath + loader.0] file:/home/alex/.gradle/caches/modules-2/files-2.1/org.springframework/spring-core/4.2.3.RELEASE/3ed00dad7a16b2a28df9348294f6a67151f43cf6/spring-core-4.2.3.RELEASE.jar
2015-12-15 12:30:58.412+0000 INFO  [o.n.k.i.DiagnosticsManager]:  [loader.1] file:/usr/lib/jvm/jdk1.8.0_60/jre/lib/ext/sunpkcs11.jar
2015-12-15 12:30:58.412+0000 INFO  [o.n.k.i.DiagnosticsManager]:  [classpath + loader.0] file:/home/alex/.gradle/caches/modules-2/files-2.1/net.sf.opencsv/opencsv/2.3/c23708cdb9e80a144db433e23344a788a1fd6599/opencsv-2.3.jar
2015-12-15 12:30:58.412+0000 INFO  [o.n.k.i.DiagnosticsManager]:  [classpath + loader.0] file:/home/alex/.gradle/caches/modules-2/files-2.1/org.neo4j/neo4j-graph-matching/2.2.5/2845dc6e08b46ac538846f1d67c3890cf213c0c/neo4j-graph-matching-2.2.5.jar
2015-12-15 12:30:58.412+0000 INFO  [o.n.k.i.DiagnosticsManager]:  [classpath + loader.0] file:/home/alex/.gradle/caches/modules-2/files-2.1/org.springframework.boot/spring-boot-starter-validation/1.3.0.RELEASE/a9791affe229b42eae425486a9344a1dc13acf1c/spring-boot-starter-validation-1.3.0.RELEASE.jar
2015-12-15 12:30:58.412+0000 INFO  [o.n.k.i.DiagnosticsManager]:  [classpath + loader.0] file:/home/alex/.gradle/caches/modules-2/files-2.1/org.yaml/snakeyaml/1.16/d64fb662c9e42789149f5078a62a22edda786c6a/snakeyaml-1.16.jar
2015-12-15 12:30:58.412+0000 INFO  [o.n.k.i.DiagnosticsManager]:  [classpath + loader.0] file:/home/alex/.gradle/caches/modules-2/files-2.1/nz.net.ultraq.thymeleaf/thymeleaf-layout-dialect/1.3.1/612621a307427d822e1d8df99a4f24af9ff2689c/thymeleaf-layout-dialect-1.3.1.jar
2015-12-15 12:30:58.412+0000 INFO  [o.n.k.i.DiagnosticsManager]:  [classpath + loader.0] file:/home/alex/.gradle/caches/modules-2/files-2.1/org.parboiled/parboiled-core/1.1.7/a60ff9a54cbeb30ec44c89e16ac4c35913cbad5a/parboiled-core-1.1.7.jar
2015-12-15 12:30:58.412+0000 INFO  [o.n.k.i.DiagnosticsManager]:  [classpath + loader.0] file:/home/alex/.gradle/caches/modules-2/files-2.1/org.springframework.boot/spring-boot-starter-tomcat/1.3.0.RELEASE/5644559c2333d9ab2af574609624d5918f07eee9/spring-boot-starter-tomcat-1.3.0.RELEASE.jar
2015-12-15 12:30:58.412+0000 INFO  [o.n.k.i.DiagnosticsManager]:  [classpath + loader.0] file:/home/alex/.gradle/caches/modules-2/files-2.1/ognl/ognl/3.0.8/37e1aebfde7eb7baebc9ad4f85116ef9009c5fc5/ognl-3.0.8.jar
2015-12-15 12:30:58.412+0000 INFO  [o.n.k.i.DiagnosticsManager]:  [classpath + loader.0] file:/home/alex/.gradle/caches/modules-2/files-2.1/org.springframework.boot/spring-boot-autoconfigure/1.3.0.RELEASE/a265041d056518de098b51c2357597735ea465d/spring-boot-autoconfigure-1.3.0.RELEASE.jar
2015-12-15 12:30:58.412+0000 INFO  [o.n.k.i.DiagnosticsManager]:  [classpath + loader.0] file:/home/alex/.gradle/caches/modules-2/files-2.1/aopalliance/aopalliance/1.0/235ba8b489512805ac13a8f9ea77a1ca5ebe3e8/aopalliance-1.0.jar
2015-12-15 12:30:58.412+0000 INFO  [o.n.k.i.DiagnosticsManager]:  [loader.1] file:/usr/lib/jvm/jdk1.8.0_60/jre/lib/ext/nashorn.jar
2015-12-15 12:30:58.412+0000 INFO  [o.n.k.i.DiagnosticsManager]:  [classpath + loader.0] file:/home/alex/.gradle/caches/modules-2/files-2.1/javax.transaction/javax.transaction-api/1.2/d81aff979d603edd90dcd8db2abc1f4ce6479e3e/javax.transaction-api-1.2.jar
2015-12-15 12:30:58.412+0000 INFO  [o.n.k.i.DiagnosticsManager]:  [classpath + loader.0] file:/home/alex/.gradle/caches/modules-2/files-2.1/org.neo4j/neo4j-consistency-check/2.2.5/aa6467323e1bfef2f5653732727b5242e67cf279/neo4j-consistency-check-2.2.5.jar
2015-12-15 12:30:58.412+0000 INFO  [o.n.k.i.DiagnosticsManager]:  [classpath + loader.0] file:/home/alex/.gradle/caches/modules-2/files-2.1/org.springframework.boot/spring-boot-starter-web/1.3.0.RELEASE/ce3b560a6e9f3112ce3c5ccbc94a46a01574fad4/spring-boot-starter-web-1.3.0.RELEASE.jar
2015-12-15 12:30:58.412+0000 INFO  [o.n.k.i.DiagnosticsManager]:  [classpath + loader.0] file:/home/alex/.gradle/caches/modules-2/files-2.1/org.slf4j/jcl-over-slf4j/1.7.13/d78d2242e14e4182625152d225f76ae52b43491d/jcl-over-slf4j-1.7.13.jar
2015-12-15 12:30:58.412+0000 INFO  [o.n.k.i.DiagnosticsManager]:  [classpath + loader.0] file:/home/alex/.gradle/caches/modules-2/files-2.1/org.neo4j/neo4j-cypher-dsl/2.0.1/519d317979935773646356ee2f7923090f7d53e8/neo4j-cypher-dsl-2.0.1.jar
2015-12-15 12:30:58.412+0000 INFO  [o.n.k.i.DiagnosticsManager]:  [classpath + loader.0] file:/home/alex/.gradle/caches/modules-2/files-2.1/com.fasterxml.jackson.core/jackson-databind/2.6.3/5c4fcae53dd82e2c549b8322d78c6ff47c94c8a8/jackson-databind-2.6.3.jar
2015-12-15 12:30:58.412+0000 INFO  [o.n.k.i.DiagnosticsManager]:  [classpath + loader.0] file:/home/alex/.gradle/caches/modules-2/files-2.1/org.neo4j/neo4j-cypher-compiler-2.2/2.2.5/e64465cd63064481ef9636dd47bf35fc45bc730b/neo4j-cypher-compiler-2.2-2.2.5.jar
2015-12-15 12:30:58.412+0000 INFO  [o.n.k.i.DiagnosticsManager]:  [classpath + loader.0] file:/home/alex/.gradle/caches/modules-2/files-2.1/org.springframework.boot/spring-boot-starter/1.3.0.RELEASE/44e2cf56424b1c0cdf101cbb2582d7ff77634967/spring-boot-starter-1.3.0.RELEASE.jar
2015-12-15 12:30:58.412+0000 INFO  [o.n.k.i.DiagnosticsManager]:  [classpath + loader.0] file:/home/alex/.gradle/caches/modules-2/files-2.1/org.aspectj/aspectjweaver/1.8.7/f753e78bbe484e58b3b4e5ce3cc1751e50d11f6c/aspectjweaver-1.8.7.jar
2015-12-15 12:30:58.412+0000 INFO  [o.n.k.i.DiagnosticsManager]:  [classpath + loader.0] file:/home/alex/.gradle/caches/modules-2/files-2.1/org.neo4j/neo4j-udc/2.2.5/c8e618b7c5275b3d565678894055386fb6b68ed/neo4j-udc-2.2.5.jar
2015-12-15 12:30:58.412+0000 INFO  [o.n.k.i.DiagnosticsManager]:  [bootstrap] /usr/lib/jvm/jdk1.8.0_60/jre/lib/resources.jar
2015-12-15 12:30:58.412+0000 INFO  [o.n.k.i.DiagnosticsManager]:  [classpath + loader.0] file:/home/alex/.gradle/caches/modules-2/files-2.1/org.neo4j/neo4j/2.2.5/1d7eced3e7e07b743379797711bb1076f91a8835/neo4j-2.2.5.jar
2015-12-15 12:30:58.412+0000 INFO  [o.n.k.i.DiagnosticsManager]:  [classpath + loader.0] file:/home/alex/.gradle/caches/modules-2/files-2.1/org.apache.tomcat.embed/tomcat-embed-websocket/8.0.28/61dfc07af876f1fa9ee9f30112babf30c721a543/tomcat-embed-websocket-8.0.28.jar
2015-12-15 12:30:58.412+0000 INFO  [o.n.k.i.DiagnosticsManager]:  [bootstrap] /usr/lib/jvm/jdk1.8.0_60/jre/lib/jfr.jar
2015-12-15 12:30:58.412+0000 INFO  [o.n.k.i.DiagnosticsManager]:  [classpath + loader.0] file:/home/alex/.gradle/caches/modules-2/files-2.1/org.javassist/javassist/3.18.1-GA/d9a09f7732226af26bf99f19e2cffe0ae219db5b/javassist-3.18.1-GA.jar
2015-12-15 12:30:58.412+0000 INFO  [o.n.k.i.DiagnosticsManager]:  [classpath + loader.0] file:/home/alex/.gradle/caches/modules-2/files-2.1/commons-io/commons-io/2.4/b1b6ea3b7e4aa4f492509a4952029cd8e48019ad/commons-io-2.4.jar
2015-12-15 12:30:58.413+0000 INFO  [o.n.k.i.DiagnosticsManager]:  [classpath + loader.0] file:/home/alex/.gradle/caches/modules-2/files-2.1/com.googlecode.concurrentlinkedhashmap/concurrentlinkedhashmap-lru/1.4/d4b42ed76a166a81dbac613339eed3343be6bd2d/concurrentlinkedhashmap-lru-1.4.jar
2015-12-15 12:30:58.413+0000 INFO  [o.n.k.i.DiagnosticsManager]:  [classpath + loader.0] file:/home/alex/.gradle/caches/modules-2/files-2.1/org.aspectj/aspectjrt/1.8.7/c4b70e763194d274477da4da9b05ea913e877268/aspectjrt-1.8.7.jar
2015-12-15 12:30:58.413+0000 INFO  [o.n.k.i.DiagnosticsManager]:  [classpath + loader.0] file:/home/alex/.gradle/caches/modules-2/files-2.1/org.apache.tomcat.embed/tomcat-embed-el/8.0.28/12ff86316ae8835b410461401ce8a77d040b0c5f/tomcat-embed-el-8.0.28.jar
2015-12-15 12:30:58.413+0000 INFO  [o.n.k.i.DiagnosticsManager]:  [classpath + loader.0] file:/home/alex/.gradle/caches/modules-2/files-2.1/org.unbescape/unbescape/1.1.0.RELEASE/ab0db4fe0a6fa89fb8da2a40008a4e63a7f3f5b9/unbescape-1.1.0.RELEASE.jar
2015-12-15 12:30:58.413+0000 INFO  [o.n.k.i.DiagnosticsManager]:  [classpath + loader.0] file:/home/alex/.gradle/caches/modules-2/files-2.1/org.neo4j/neo4j-lucene-index/2.2.5/6d93fcfc476f6b5d6c422f10fc21be8494b8a054/neo4j-lucene-index-2.2.5.jar
2015-12-15 12:30:58.413+0000 INFO  [o.n.k.i.DiagnosticsManager]:  [classpath + loader.0] file:/home/alex/.gradle/caches/modules-2/files-2.1/org.neo4j/neo4j-jmx/2.2.5/ec1f51d8029fe01ea2514aa41dfc1f118f3da93a/neo4j-jmx-2.2.5.jar
2015-12-15 12:30:58.413+0000 INFO  [o.n.k.i.DiagnosticsManager]:  [classpath + loader.0] file:/home/alex/.gradle/caches/modules-2/files-2.1/com.fasterxml.jackson.core/jackson-core/2.6.3/142ce64dcd709a4b5f6e7d71305a31d3893d077/jackson-core-2.6.3.jar
2015-12-15 12:30:58.413+0000 INFO  [o.n.k.i.DiagnosticsManager]:  [classpath + loader.0] file:/home/alex/.gradle/caches/modules-2/files-2.1/org.neo4j/neo4j-io/2.2.5/d318dfdbf06a43ea1529c92154ad3b8187d8da58/neo4j-io-2.2.5.jar
2015-12-15 12:30:58.413+0000 INFO  [o.n.k.i.DiagnosticsManager]:  [classpath + loader.0] file:/home/alex/.gradle/caches/modules-2/files-2.1/org.springframework/spring-context/4.2.3.RELEASE/fb26a160d984eb9cbf01fbf38f4b17e15fdd50e1/spring-context-4.2.3.RELEASE.jar
2015-12-15 12:30:58.413+0000 INFO  [o.n.k.i.DiagnosticsManager]:  [classpath + loader.0] file:/home/alex/.gradle/caches/modules-2/files-2.1/org.springframework/spring-aop/4.2.3.RELEASE/6384a57a024df03bfcb1eeccd3d820da98125b92/spring-aop-4.2.3.RELEASE.jar
2015-12-15 12:30:58.413+0000 INFO  [o.n.k.i.DiagnosticsManager]:  [classpath + loader.0] file:/home/alex/git/SpringPizza/build/resources/main/
2015-12-15 12:30:58.413+0000 INFO  [o.n.k.i.DiagnosticsManager]:  [classpath + loader.0] file:/home/alex/.gradle/caches/modules-2/files-2.1/org.springframework.boot/spring-boot-starter-thymeleaf/1.3.0.RELEASE/51b4ca5cad88b3018102e3053b9fdc124a971435/spring-boot-starter-thymeleaf-1.3.0.RELEASE.jar
2015-12-15 12:30:58.413+0000 INFO  [o.n.k.i.DiagnosticsManager]:  [loader.1] file:/usr/lib/jvm/jdk1.8.0_60/jre/lib/ext/jaccess.jar
2015-12-15 12:30:58.413+0000 INFO  [o.n.k.i.DiagnosticsManager]:  [classpath + loader.0] file:/home/alex/.gradle/caches/modules-2/files-2.1/org.codehaus.groovy/groovy/2.4.4/62dc4f50804c40f3233977e2d3d1a4abca60bc41/groovy-2.4.4.jar
2015-12-15 12:30:58.413+0000 INFO  [o.n.k.i.DiagnosticsManager]:  [classpath + loader.0] file:/home/alex/.gradle/caches/modules-2/files-2.1/javax.validation/validation-api/1.1.0.Final/8613ae82954779d518631e05daa73a6a954817d5/validation-api-1.1.0.Final.jar
2015-12-15 12:30:58.413+0000 INFO  [o.n.k.i.DiagnosticsManager]:  [classpath + loader.0] file:/home/alex/.gradle/caches/modules-2/files-2.1/org.neo4j/neo4j-cypher-compiler-2.1/2.1.8/e53518fb1770c2a8a8d2965488c7ae1365953ef7/neo4j-cypher-compiler-2.1-2.1.8.jar
2015-12-15 12:30:58.413+0000 INFO  [o.n.k.i.DiagnosticsManager]:  [classpath + loader.0] file:/home/alex/.gradle/caches/modules-2/files-2.1/com.fasterxml.jackson.core/jackson-annotations/2.6.3/435efa54afd2853995546802280e8cd2d2770d00/jackson-annotations-2.6.3.jar
2015-12-15 12:30:58.413+0000 INFO  [o.n.k.i.DiagnosticsManager]:  [classpath + loader.0] file:/home/alex/.gradle/caches/modules-2/files-2.1/org.neo4j/neo4j-unsafe/2.2.5/2114ee2894e3b6119860dcdd4e2ec1e192406daf/neo4j-unsafe-2.2.5.jar
2015-12-15 12:30:58.413+0000 INFO  [o.n.k.i.DiagnosticsManager]:  [classpath + loader.0] file:/home/alex/git/SpringPizza/build/classes/main/
2015-12-15 12:30:58.413+0000 INFO  [o.n.k.i.DiagnosticsManager]:  [classpath + loader.0] file:/home/alex/.gradle/caches/modules-2/files-2.1/org.thymeleaf/thymeleaf/2.1.4.RELEASE/a730d892f3c57ba3d24af2ca657b42d81398a85a/thymeleaf-2.1.4.RELEASE.jar
2015-12-15 12:30:58.413+0000 INFO  [o.n.k.i.DiagnosticsManager]:  [bootstrap] /usr/lib/jvm/jdk1.8.0_60/jre/lib/jce.jar
2015-12-15 12:30:58.413+0000 INFO  [o.n.k.i.DiagnosticsManager]:  [classpath + loader.0] file:/home/alex/.gradle/caches/modules-2/files-2.1/org.slf4j/slf4j-api/1.7.13/7fcf30c25b8f4a9379b9dad0d3f487b25272c026/slf4j-api-1.7.13.jar
2015-12-15 12:30:58.413+0000 INFO  [o.n.k.i.DiagnosticsManager]:  [classpath + loader.0] file:/home/alex/.gradle/caches/modules-2/files-2.1/org.neo4j/neo4j-csv/2.2.5/8d8fc9a40cca111654bf7b8ae90cef3a588f3d48/neo4j-csv-2.2.5.jar
2015-12-15 12:30:58.413+0000 INFO  [o.n.k.i.DiagnosticsManager]:  [loader.1] file:/usr/lib/jvm/jdk1.8.0_60/jre/lib/ext/dnsns.jar
2015-12-15 12:30:58.413+0000 INFO  [o.n.k.i.DiagnosticsManager]:  [loader.1] file:/usr/lib/jvm/jdk1.8.0_60/jre/lib/ext/cldrdata.jar
2015-12-15 12:30:58.413+0000 INFO  [o.n.k.i.DiagnosticsManager]:  [classpath + loader.0] file:/home/alex/.gradle/caches/modules-2/files-2.1/org.springframework/spring-expression/4.2.3.RELEASE/67b064c726c276436387c7a183a49deda153a6cc/spring-expression-4.2.3.RELEASE.jar
2015-12-15 12:30:58.413+0000 INFO  [o.n.k.i.DiagnosticsManager]:  [bootstrap] /usr/lib/jvm/jdk1.8.0_60/jre/lib/sunrsasign.jar
2015-12-15 12:30:58.413+0000 INFO  [o.n.k.i.DiagnosticsManager]:  [loader.1] file:/usr/lib/jvm/jdk1.8.0_60/jre/lib/ext/sunjce_provider.jar
2015-12-15 12:30:58.413+0000 INFO  [o.n.k.i.DiagnosticsManager]:  [classpath + loader.0] file:/home/alex/.gradle/caches/modules-2/files-2.1/org.springframework/spring-beans/4.2.3.RELEASE/249921ead97248410ac04f854075f0a1c1a567e4/spring-beans-4.2.3.RELEASE.jar
2015-12-15 12:30:58.413+0000 INFO  [o.n.k.i.DiagnosticsManager]:  [classpath + loader.0] file:/home/alex/.gradle/caches/modules-2/files-2.1/org.scala-lang/scala-library/2.10.5/57ac67a6cf6fd591e235c62f8893438e8d10431d/scala-library-2.10.5.jar
2015-12-15 12:30:58.413+0000 INFO  [o.n.k.i.DiagnosticsManager]:  [classpath + loader.0] file:/home/alex/.gradle/caches/modules-2/files-2.1/org.apache.tomcat.embed/tomcat-embed-core/8.0.28/dd5f6dea56f0227f1b4e7d85ae6ad8041886fcad/tomcat-embed-core-8.0.28.jar
2015-12-15 12:30:58.413+0000 INFO  [o.n.k.i.DiagnosticsManager]:  [classpath + loader.0] file:/home/alex/.gradle/caches/modules-2/files-2.1/com.fasterxml/classmate/1.1.0/dbbd699a1486ad0f2ed6f5af6cfed66acacb9056/classmate-1.1.0.jar
2015-12-15 12:30:58.413+0000 INFO  [o.n.k.i.DiagnosticsManager]:  [classpath + loader.0] file:/home/alex/.gradle/caches/modules-2/files-2.1/org.scala-lang/scala-reflect/2.10.5/7392facb48876c67a89fcb086112b195f5f6bbc3/scala-reflect-2.10.5.jar
2015-12-15 12:30:58.413+0000 INFO  [o.n.k.i.DiagnosticsManager]:  [bootstrap] /usr/lib/jvm/jdk1.8.0_60/jre/lib/rt.jar
2015-12-15 12:30:58.413+0000 INFO  [o.n.k.i.DiagnosticsManager]:  [classpath + loader.0] file:/home/alex/.gradle/caches/modules-2/files-2.1/org.slf4j/jul-to-slf4j/1.7.13/43759e986de5fec7045e35e9533e5ad2f6cd1b05/jul-to-slf4j-1.7.13.jar
2015-12-15 12:30:58.413+0000 INFO  [o.n.k.i.DiagnosticsManager]:  [classpath + loader.0] file:/home/alex/.gradle/caches/modules-2/files-2.1/org.springframework.boot/spring-boot/1.3.0.RELEASE/4939c8b549d1e2b4b8d5f57bfc404435896fe865/spring-boot-1.3.0.RELEASE.jar
2015-12-15 12:30:58.413+0000 INFO  [o.n.k.i.DiagnosticsManager]:  [classpath + loader.0] file:/home/alex/.gradle/caches/modules-2/files-2.1/org.apache.lucene/lucene-core/3.6.2/9ec77e2507f9cc01756964c71d91efd8154a8c47/lucene-core-3.6.2.jar
2015-12-15 12:30:58.413+0000 INFO  [o.n.k.i.DiagnosticsManager]:  [classpath + loader.0] file:/home/alex/.gradle/caches/modules-2/files-2.1/org.neo4j/neo4j-cypher/2.2.5/cf4986962339140844de3cbf839d42fd52bf4ffb/neo4j-cypher-2.2.5.jar
2015-12-15 12:30:58.414+0000 INFO  [o.n.k.i.DiagnosticsManager]: Library path:
2015-12-15 12:30:58.414+0000 INFO  [o.n.k.i.DiagnosticsManager]: /home/alex/idea-IU-143.382.35/bin
2015-12-15 12:30:58.414+0000 INFO  [o.n.k.i.DiagnosticsManager]: /home/alex/git/SpringPizza
2015-12-15 12:30:58.414+0000 INFO  [o.n.k.i.DiagnosticsManager]: /usr/java/packages/lib/amd64
2015-12-15 12:30:58.414+0000 INFO  [o.n.k.i.DiagnosticsManager]: /usr/lib64
2015-12-15 12:30:58.414+0000 INFO  [o.n.k.i.DiagnosticsManager]: /lib64
2015-12-15 12:30:58.414+0000 INFO  [o.n.k.i.DiagnosticsManager]: /lib
2015-12-15 12:30:58.414+0000 INFO  [o.n.k.i.DiagnosticsManager]: /usr/lib
2015-12-15 12:30:58.414+0000 INFO  [o.n.k.i.DiagnosticsManager]: System.properties:
2015-12-15 12:30:58.414+0000 INFO  [o.n.k.i.DiagnosticsManager]: sun.boot.library.path = /usr/lib/jvm/jdk1.8.0_60/jre/lib/amd64
2015-12-15 12:30:58.414+0000 INFO  [o.n.k.i.DiagnosticsManager]: path.separator = :
2015-12-15 12:30:58.414+0000 INFO  [o.n.k.i.DiagnosticsManager]: file.encoding.pkg = sun.io
2015-12-15 12:30:58.414+0000 INFO  [o.n.k.i.DiagnosticsManager]: sun.java.launcher = SUN_STANDARD
2015-12-15 12:30:58.414+0000 INFO  [o.n.k.i.DiagnosticsManager]: user.country = US
2015-12-15 12:30:58.414+0000 INFO  [o.n.k.i.DiagnosticsManager]: sun.os.patch.level = unknown
2015-12-15 12:30:58.414+0000 INFO  [o.n.k.i.DiagnosticsManager]: PID = 27113
2015-12-15 12:30:58.414+0000 INFO  [o.n.k.i.DiagnosticsManager]: user.dir = /home/alex/git/SpringPizza
2015-12-15 12:30:58.414+0000 INFO  [o.n.k.i.DiagnosticsManager]: org.jboss.logging.provider = slf4j
2015-12-15 12:30:58.414+0000 INFO  [o.n.k.i.DiagnosticsManager]: user.variant = 
2015-12-15 12:30:58.414+0000 INFO  [o.n.k.i.DiagnosticsManager]: sun.jnu.encoding = UTF-8
2015-12-15 12:30:58.415+0000 INFO  [o.n.k.i.DiagnosticsManager]: spring.beaninfo.ignore = true
2015-12-15 12:30:58.415+0000 INFO  [o.n.k.i.DiagnosticsManager]: sun.management.compiler = HotSpot 64-Bit Tiered Compilers
2015-12-15 12:30:58.415+0000 INFO  [o.n.k.i.DiagnosticsManager]: user.home = /home/alex
2015-12-15 12:30:58.415+0000 INFO  [o.n.k.i.DiagnosticsManager]: catalina.useNaming = false
2015-12-15 12:30:58.415+0000 INFO  [o.n.k.i.DiagnosticsManager]: user.timezone = America/Chicago
2015-12-15 12:30:58.415+0000 INFO  [o.n.k.i.DiagnosticsManager]: file.encoding = UTF-8
2015-12-15 12:30:58.415+0000 INFO  [o.n.k.i.DiagnosticsManager]: catalina.home = /tmp/tomcat.8342666118856643342.9994
2015-12-15 12:30:58.415+0000 INFO  [o.n.k.i.DiagnosticsManager]: user.name = alex
2015-12-15 12:30:58.415+0000 INFO  [o.n.k.i.DiagnosticsManager]: sun.java.command = minor.spring.pizza.SpringPizzaApplication
2015-12-15 12:30:58.415+0000 INFO  [o.n.k.i.DiagnosticsManager]: sun.arch.data.model = 64
2015-12-15 12:30:58.415+0000 INFO  [o.n.k.i.DiagnosticsManager]: user.language = en
2015-12-15 12:30:58.415+0000 INFO  [o.n.k.i.DiagnosticsManager]: awt.toolkit = sun.awt.X11.XToolkit
2015-12-15 12:30:58.415+0000 INFO  [o.n.k.i.DiagnosticsManager]: catalina.base = /tmp/tomcat.8342666118856643342.9994
2015-12-15 12:30:58.415+0000 INFO  [o.n.k.i.DiagnosticsManager]: file.separator = /
2015-12-15 12:30:58.415+0000 INFO  [o.n.k.i.DiagnosticsManager]: LOG_EXCEPTION_CONVERSION_WORD = %wEx
2015-12-15 12:30:58.415+0000 INFO  [o.n.k.i.DiagnosticsManager]: sun.io.unicode.encoding = UnicodeLittle
2015-12-15 12:30:58.415+0000 INFO  [o.n.k.i.DiagnosticsManager]: sun.cpu.endian = little
2015-12-15 12:30:58.415+0000 INFO  [o.n.k.i.DiagnosticsManager]: sun.cpu.isalist = 
2015-12-15 12:30:58.415+0000 INFO  [o.n.k.i.DiagnosticsManager]: Linux scheduler information:
2015-12-15 12:30:58.416+0000 INFO  [o.n.k.i.DiagnosticsManager]: noop deadline [cfq] 
2015-12-15 12:30:58.416+0000 INFO  [o.n.k.i.DiagnosticsManager]: noop deadline [cfq] 
2015-12-15 12:30:58.416+0000 INFO  [o.n.k.i.DiagnosticsManager]: Network information:
2015-12-15 12:30:58.417+0000 INFO  [o.n.k.i.DiagnosticsManager]: Interface vboxnet0:
2015-12-15 12:30:58.417+0000 INFO  [o.n.k.i.DiagnosticsManager]:     address: fe80:0:0:0:800:27ff:fe00:0%vboxnet0
2015-12-15 12:30:58.417+0000 INFO  [o.n.k.i.DiagnosticsManager]:     address: 192.168.56.1
2015-12-15 12:30:58.417+0000 INFO  [o.n.k.i.DiagnosticsManager]: Interface docker0:
2015-12-15 12:30:58.417+0000 INFO  [o.n.k.i.DiagnosticsManager]:     address: 172.17.42.1
2015-12-15 12:30:58.417+0000 INFO  [o.n.k.i.DiagnosticsManager]: Interface eth0:
2015-12-15 12:30:58.418+0000 INFO  [o.n.k.i.DiagnosticsManager]:     address: fe80:0:0:0:a00:27ff:feb9:99fe%eth0
2015-12-15 12:30:58.418+0000 INFO  [o.n.k.i.DiagnosticsManager]:     address: 10.0.2.15
2015-12-15 12:30:58.418+0000 INFO  [o.n.k.i.DiagnosticsManager]: Interface lo:
2015-12-15 12:30:58.418+0000 INFO  [o.n.k.i.DiagnosticsManager]:     address: 0:0:0:0:0:0:0:1%lo
2015-12-15 12:30:58.418+0000 INFO  [o.n.k.i.DiagnosticsManager]:     address: 127.0.0.1
2015-12-15 12:30:58.418+0000 INFO  [o.n.k.i.DiagnosticsManager]: --- INITIALIZED diagnostics END ---
2015-12-15 12:30:58.485+0000 INFO  [o.n.k.i.s.StoreFactory]: Creating new db @ pizza.db/neostore
2015-12-15 12:30:58.812+0000 INFO  [o.n.k.a.i.i.LuceneLabelScanStore]: No lucene scan store index found, this might just be first use. Preparing to rebuild.
2015-12-15 12:30:58.829+0000 INFO  [o.n.k.a.i.i.LuceneLabelScanStore]: No lucene scan store index found, this might just be first use. Preparing to rebuild.
2015-12-15 12:30:58.891+0000 INFO  [o.n.k.NeoStoreDataSource]: Opened logical log [pizza.db/neostore.transaction.db.0] version=0, lastTxId=1 (clean)
2015-12-15 12:30:58.902+0000 WARN  [o.n.k.i.s.StoreFactory]: Missing counts store, rebuilding it.
2015-12-15 12:30:58.993+0000 INFO  [o.n.k.a.i.i.LuceneLabelScanStore]: Rebuilding lucene scan store, this may take a while
2015-12-15 12:30:58.994+0000 INFO  [o.n.k.a.i.i.LuceneLabelScanStore]: Lucene scan store rebuilt (roughly -1 nodes)
2015-12-15 12:30:59.000+0000 INFO  [o.n.k.KernelHealth]: Kernel health set to OK
2015-12-15 12:30:59.444+0000 INFO  [o.n.k.i.DiagnosticsManager]: --- STARTED diagnostics for KernelDiagnostics:Versions START ---
2015-12-15 12:30:59.444+0000 INFO  [o.n.k.i.DiagnosticsManager]: Graph Database: org.neo4j.kernel.EmbeddedGraphDatabase StoreId{creationTime=1450182658485, randomId=-8322593841463218163, storeVersion=14969031248344582, upgradeTime=1450182658485, upgradeId=1}
2015-12-15 12:30:59.444+0000 INFO  [o.n.k.i.DiagnosticsManager]: Kernel version: Neo4j - Graph Database Kernel (neo4j-kernel), version: 2.2.5
2015-12-15 12:30:59.444+0000 INFO  [o.n.k.i.DiagnosticsManager]: Neo4j component versions:
2015-12-15 12:30:59.447+0000 INFO  [o.n.k.i.DiagnosticsManager]:   Neo4j - Cypher Compiler 1.9 (neo4j-cypher-compiler-1.9), version: 2.0.4; revision: 2.0.4:2.0-maint:130/4a7d10bc274a5d26a180bbe9df25100e8a694748
2015-12-15 12:30:59.447+0000 INFO  [o.n.k.i.DiagnosticsManager]:   Neo4j - Consistency Checker (neo4j-consistency-check), version: 2.2.5; revision: 2.2.5:2.2:151/cf9c7fe724d193d2d54c55eb0c82cc9036fc05d6-dirty
2015-12-15 12:30:59.447+0000 INFO  [o.n.k.i.DiagnosticsManager]:   Neo4j - Cypher Compiler 2.2 (neo4j-cypher-compiler-2.2), version: 2.2.5; revision: 2.2.5:2.2:151/cf9c7fe724d193d2d54c55eb0c82cc9036fc05d6-dirty
2015-12-15 12:30:59.447+0000 INFO  [o.n.k.i.DiagnosticsManager]:   Neo4j - Graph Database Kernel (neo4j-kernel), version: 2.2.5; revision: 2.2.5:2.2:151/cf9c7fe724d193d2d54c55eb0c82cc9036fc05d6-dirty
2015-12-15 12:30:59.447+0000 INFO  [o.n.k.i.DiagnosticsManager]:   Neo4j - Cypher Compiler 2.1 (neo4j-cypher-compiler-2.1), version: 2.1.8; revision: 2.1.8:2.1-maint:687/5c83ce3a5ddf33259593f719153ce71a6fe89fc7
2015-12-15 12:30:59.447+0000 INFO  [o.n.k.i.DiagnosticsManager]:   Neo4j - Community (neo4j), version: 2.2.5; revision: 2.2.5:2.2:151/cf9c7fe724d193d2d54c55eb0c82cc9036fc05d6-dirty
2015-12-15 12:30:59.447+0000 INFO  [o.n.k.i.DiagnosticsManager]:   neo4j-udc, version: 2.2.5; revision: 2.2.5:2.2:151/cf9c7fe724d193d2d54c55eb0c82cc9036fc05d6-dirty
2015-12-15 12:30:59.447+0000 INFO  [o.n.k.i.DiagnosticsManager]:   Neo4j - Lucene Index (neo4j-lucene-index), version: 2.2.5; revision: 2.2.5:2.2:151/cf9c7fe724d193d2d54c55eb0c82cc9036fc05d6-dirty
2015-12-15 12:30:59.447+0000 INFO  [o.n.k.i.DiagnosticsManager]:   Neo4j - Cypher Compiler 2.0 (neo4j-cypher-compiler-2.0), version: 2.0.4; revision: 2.0.4:2.0-maint:130/4a7d10bc274a5d26a180bbe9df25100e8a694748
2015-12-15 12:30:59.447+0000 INFO  [o.n.k.i.DiagnosticsManager]:   Neo4j - Graph Matching (neo4j-graph-matching), version: 2.2.5; revision: 2.2.5:2.2:151/cf9c7fe724d193d2d54c55eb0c82cc9036fc05d6-dirty
2015-12-15 12:30:59.447+0000 INFO  [o.n.k.i.DiagnosticsManager]:   Neo4j - JMX support (neo4j-jmx), version: 2.2.5; revision: 2.2.5:2.2:151/cf9c7fe724d193d2d54c55eb0c82cc9036fc05d6-dirty
2015-12-15 12:30:59.447+0000 INFO  [o.n.k.i.DiagnosticsManager]:   Neo4j - Cypher (neo4j-cypher), version: 2.2.5; revision: 2.2.5:2.2:151/cf9c7fe724d193d2d54c55eb0c82cc9036fc05d6-dirty
2015-12-15 12:30:59.447+0000 INFO  [o.n.k.i.DiagnosticsManager]:   Neo4j - Graph Algorithms (neo4j-graph-algo), version: 2.2.5; revision: 2.2.5:2.2:151/cf9c7fe724d193d2d54c55eb0c82cc9036fc05d6-dirty
2015-12-15 12:30:59.447+0000 INFO  [o.n.k.i.DiagnosticsManager]: --- STARTED diagnostics for KernelDiagnostics:Versions END ---
2015-12-15 12:30:59.449+0000 INFO  [o.n.k.i.DiagnosticsManager]: --- STARTED diagnostics for NEO_STORE_VERSIONS START ---
2015-12-15 12:30:59.449+0000 INFO  [o.n.k.i.DiagnosticsManager]: Store versions:
2015-12-15 12:30:59.450+0000 INFO  [o.n.k.i.DiagnosticsManager]: Store versions:
2015-12-15 12:30:59.450+0000 INFO  [o.n.k.i.DiagnosticsManager]:   NeoStore v0.A.5
2015-12-15 12:30:59.450+0000 INFO  [o.n.k.i.DiagnosticsManager]:   SchemaStore v0.A.5
2015-12-15 12:30:59.450+0000 INFO  [o.n.k.i.DiagnosticsManager]:   NodeStore v0.A.5
2015-12-15 12:30:59.450+0000 INFO  [o.n.k.i.DiagnosticsManager]:   RelationshipStore v0.A.5
2015-12-15 12:30:59.450+0000 INFO  [o.n.k.i.DiagnosticsManager]:   RelationshipTypeStore v0.A.5
2015-12-15 12:30:59.450+0000 INFO  [o.n.k.i.DiagnosticsManager]:   LabelTokenStore v0.A.5
2015-12-15 12:30:59.450+0000 INFO  [o.n.k.i.DiagnosticsManager]:   PropertyStore v0.A.5
2015-12-15 12:30:59.450+0000 INFO  [o.n.k.i.DiagnosticsManager]:   PropertyIndexStore v0.A.5
2015-12-15 12:30:59.450+0000 INFO  [o.n.k.i.DiagnosticsManager]:   StringPropertyStore v0.A.5
2015-12-15 12:30:59.450+0000 INFO  [o.n.k.i.DiagnosticsManager]:   ArrayPropertyStore v0.A.5
2015-12-15 12:30:59.450+0000 INFO  [o.n.k.i.DiagnosticsManager]:   RelationshipGroupStore v0.A.5
2015-12-15 12:30:59.450+0000 INFO  [o.n.k.i.DiagnosticsManager]: --- STARTED diagnostics for NEO_STORE_VERSIONS END ---
2015-12-15 12:30:59.450+0000 INFO  [o.n.k.i.DiagnosticsManager]: --- STARTED diagnostics for NEO_STORE_ID_USAGE START ---
2015-12-15 12:30:59.450+0000 INFO  [o.n.k.i.DiagnosticsManager]: Id usage:
2015-12-15 12:30:59.450+0000 INFO  [o.n.k.i.DiagnosticsManager]: Id usage:
2015-12-15 12:30:59.450+0000 INFO  [o.n.k.i.DiagnosticsManager]:   SchemaStore: used=1 high=0
2015-12-15 12:30:59.450+0000 INFO  [o.n.k.i.DiagnosticsManager]:   NodeStore: used=0 high=-1
2015-12-15 12:30:59.450+0000 INFO  [o.n.k.i.DiagnosticsManager]:   RelationshipStore: used=0 high=-1
2015-12-15 12:30:59.450+0000 INFO  [o.n.k.i.DiagnosticsManager]:   RelationshipTypeStore: used=0 high=-1
2015-12-15 12:30:59.450+0000 INFO  [o.n.k.i.DiagnosticsManager]:   LabelTokenStore: used=0 high=-1
2015-12-15 12:30:59.450+0000 INFO  [o.n.k.i.DiagnosticsManager]:   PropertyStore: used=0 high=-1
2015-12-15 12:30:59.451+0000 INFO  [o.n.k.i.DiagnosticsManager]:   PropertyIndexStore: used=0 high=-1
2015-12-15 12:30:59.451+0000 INFO  [o.n.k.i.DiagnosticsManager]:   StringPropertyStore: used=1 high=0
2015-12-15 12:30:59.451+0000 INFO  [o.n.k.i.DiagnosticsManager]:   ArrayPropertyStore: used=1 high=0
2015-12-15 12:30:59.451+0000 INFO  [o.n.k.i.DiagnosticsManager]:   RelationshipGroupStore: used=1 high=0
2015-12-15 12:30:59.451+0000 INFO  [o.n.k.i.DiagnosticsManager]: --- STARTED diagnostics for NEO_STORE_ID_USAGE END ---
2015-12-15 12:30:59.451+0000 INFO  [o.n.k.i.DiagnosticsManager]: --- STARTED diagnostics for KernelDiagnostics:StoreFiles START ---
2015-12-15 12:30:59.451+0000 INFO  [o.n.k.i.DiagnosticsManager]: Disk space on partition (Total / Free / Free %): 50518081536 / 11964772352 / 23
Storage files: (filename : modification date - size)
2015-12-15 12:30:59.452+0000 INFO  [o.n.k.i.DiagnosticsManager]:   index:
2015-12-15 12:30:59.452+0000 INFO  [o.n.k.i.DiagnosticsManager]:   - Total: 2015-12-15T06:30:58-0600 - 0.00 B
2015-12-15 12:30:59.452+0000 INFO  [o.n.k.i.DiagnosticsManager]:   lock: 2015-12-15T06:30:58-0600 - 0.00 B
2015-12-15 12:30:59.453+0000 INFO  [o.n.k.i.DiagnosticsManager]:   messages.log: 2015-12-15T06:30:59-0600 - 38.39 kB
2015-12-15 12:30:59.453+0000 INFO  [o.n.k.i.DiagnosticsManager]:   neostore: 2015-12-15T06:30:58-0600 - 99.00 B
2015-12-15 12:30:59.453+0000 INFO  [o.n.k.i.DiagnosticsManager]:   neostore.counts.db.a: 2015-12-15T06:30:58-0600 - 114.00 B
2015-12-15 12:30:59.453+0000 INFO  [o.n.k.i.DiagnosticsManager]:   neostore.id: 2015-12-15T06:30:58-0600 - 9.00 B
2015-12-15 12:30:59.453+0000 INFO  [o.n.k.i.DiagnosticsManager]:   neostore.labeltokenstore.db: 2015-12-15T06:30:58-0600 - 0.00 B
2015-12-15 12:30:59.453+0000 INFO  [o.n.k.i.DiagnosticsManager]:   neostore.labeltokenstore.db.id: 2015-12-15T06:30:58-0600 - 9.00 B
2015-12-15 12:30:59.453+0000 INFO  [o.n.k.i.DiagnosticsManager]:   neostore.labeltokenstore.db.names: 2015-12-15T06:30:58-0600 - 38.00 B
2015-12-15 12:30:59.454+0000 INFO  [o.n.k.i.DiagnosticsManager]:   neostore.labeltokenstore.db.names.id: 2015-12-15T06:30:58-0600 - 9.00 B
2015-12-15 12:30:59.454+0000 INFO  [o.n.k.i.DiagnosticsManager]:   neostore.nodestore.db: 2015-12-15T06:30:58-0600 - 0.00 B
2015-12-15 12:30:59.454+0000 INFO  [o.n.k.i.DiagnosticsManager]:   neostore.nodestore.db.id: 2015-12-15T06:30:58-0600 - 9.00 B
2015-12-15 12:30:59.454+0000 INFO  [o.n.k.i.DiagnosticsManager]:   neostore.nodestore.db.labels: 2015-12-15T06:30:58-0600 - 68.00 B
2015-12-15 12:30:59.454+0000 INFO  [o.n.k.i.DiagnosticsManager]:   neostore.nodestore.db.labels.id: 2015-12-15T06:30:58-0600 - 9.00 B
2015-12-15 12:30:59.454+0000 INFO  [o.n.k.i.DiagnosticsManager]:   neostore.propertystore.db: 2015-12-15T06:30:58-0600 - 0.00 B
2015-12-15 12:30:59.454+0000 INFO  [o.n.k.i.DiagnosticsManager]:   neostore.propertystore.db.arrays: 2015-12-15T06:30:58-0600 - 128.00 B
2015-12-15 12:30:59.454+0000 INFO  [o.n.k.i.DiagnosticsManager]:   neostore.propertystore.db.arrays.id: 2015-12-15T06:30:58-0600 - 9.00 B
2015-12-15 12:30:59.455+0000 INFO  [o.n.k.i.DiagnosticsManager]:   neostore.propertystore.db.id: 2015-12-15T06:30:58-0600 - 9.00 B
2015-12-15 12:30:59.455+0000 INFO  [o.n.k.i.DiagnosticsManager]:   neostore.propertystore.db.index: 2015-12-15T06:30:58-0600 - 0.00 B
2015-12-15 12:30:59.455+0000 INFO  [o.n.k.i.DiagnosticsManager]:   neostore.propertystore.db.index.id: 2015-12-15T06:30:58-0600 - 9.00 B
2015-12-15 12:30:59.455+0000 INFO  [o.n.k.i.DiagnosticsManager]:   neostore.propertystore.db.index.keys: 2015-12-15T06:30:58-0600 - 38.00 B
2015-12-15 12:30:59.455+0000 INFO  [o.n.k.i.DiagnosticsManager]:   neostore.propertystore.db.index.keys.id: 2015-12-15T06:30:58-0600 - 9.00 B
2015-12-15 12:30:59.455+0000 INFO  [o.n.k.i.DiagnosticsManager]:   neostore.propertystore.db.strings: 2015-12-15T06:30:58-0600 - 128.00 B
2015-12-15 12:30:59.455+0000 INFO  [o.n.k.i.DiagnosticsManager]:   neostore.propertystore.db.strings.id: 2015-12-15T06:30:58-0600 - 9.00 B
2015-12-15 12:30:59.455+0000 INFO  [o.n.k.i.DiagnosticsManager]:   neostore.relationshipgroupstore.db: 2015-12-15T06:30:58-0600 - 25.00 B
2015-12-15 12:30:59.456+0000 INFO  [o.n.k.i.DiagnosticsManager]:   neostore.relationshipgroupstore.db.id: 2015-12-15T06:30:58-0600 - 9.00 B
2015-12-15 12:30:59.456+0000 INFO  [o.n.k.i.DiagnosticsManager]:   neostore.relationshipstore.db: 2015-12-15T06:30:58-0600 - 0.00 B
2015-12-15 12:30:59.456+0000 INFO  [o.n.k.i.DiagnosticsManager]:   neostore.relationshipstore.db.id: 2015-12-15T06:30:58-0600 - 9.00 B
2015-12-15 12:30:59.456+0000 INFO  [o.n.k.i.DiagnosticsManager]:   neostore.relationshiptypestore.db: 2015-12-15T06:30:58-0600 - 0.00 B
2015-12-15 12:30:59.456+0000 INFO  [o.n.k.i.DiagnosticsManager]:   neostore.relationshiptypestore.db.id: 2015-12-15T06:30:58-0600 - 9.00 B
2015-12-15 12:30:59.457+0000 INFO  [o.n.k.i.DiagnosticsManager]:   neostore.relationshiptypestore.db.names: 2015-12-15T06:30:58-0600 - 38.00 B
2015-12-15 12:30:59.457+0000 INFO  [o.n.k.i.DiagnosticsManager]:   neostore.relationshiptypestore.db.names.id: 2015-12-15T06:30:58-0600 - 9.00 B
2015-12-15 12:30:59.457+0000 INFO  [o.n.k.i.DiagnosticsManager]:   neostore.schemastore.db: 2015-12-15T06:30:58-0600 - 64.00 B
2015-12-15 12:30:59.457+0000 INFO  [o.n.k.i.DiagnosticsManager]:   neostore.schemastore.db.id: 2015-12-15T06:30:58-0600 - 9.00 B
2015-12-15 12:30:59.457+0000 INFO  [o.n.k.i.DiagnosticsManager]:   neostore.transaction.db.0: 2015-12-15T06:30:58-0600 - 16.00 B
2015-12-15 12:30:59.457+0000 INFO  [o.n.k.i.DiagnosticsManager]:   schema:
2015-12-15 12:30:59.457+0000 INFO  [o.n.k.i.DiagnosticsManager]:     label:
2015-12-15 12:30:59.457+0000 INFO  [o.n.k.i.DiagnosticsManager]:       lucene:
2015-12-15 12:30:59.457+0000 INFO  [o.n.k.i.DiagnosticsManager]:         write.lock: 2015-12-15T06:30:58-0600 - 0.00 B
2015-12-15 12:30:59.457+0000 INFO  [o.n.k.i.DiagnosticsManager]:       - Total: 2015-12-15T06:30:58-0600 - 0.00 B
2015-12-15 12:30:59.457+0000 INFO  [o.n.k.i.DiagnosticsManager]:     - Total: 2015-12-15T06:30:58-0600 - 0.00 B
2015-12-15 12:30:59.457+0000 INFO  [o.n.k.i.DiagnosticsManager]:   - Total: 2015-12-15T06:30:58-0600 - 0.00 B
2015-12-15 12:30:59.458+0000 INFO  [o.n.k.i.DiagnosticsManager]:   store_lock: 2015-12-15T06:30:58-0600 - 0.00 B
2015-12-15 12:30:59.458+0000 INFO  [o.n.k.i.DiagnosticsManager]: --- STARTED diagnostics for KernelDiagnostics:StoreFiles END ---
2015-12-15 12:30:59.498+0000 INFO  [o.n.k.EmbeddedGraphDatabase]: Database is now ready
2015-12-15 12:31:00.957+0000 WARN  [o.n.k.EmbeddedGraphDatabase]: GC Monitor: Application threads blocked for 256ms.
